app/build/intermediates/manifest_merge_blame_file/debug/manifest-merger-blame-debug-report.txt
1<?xml version="1.0" encoding="utf-8"?>
2<manifest xmlns:android="http://schemas.android.com/apk/res/android"
3    package="com.proyectomintic.stockerinv"
4    android:versionCode="1"
5    android:versionName="1.0" >
6
7    <uses-sdk
8        android:minSdkVersion="24"
8-->src\main\AndroidManifest.xml
9        android:targetSdkVersion="31" />
9-->src\main\AndroidManifest.xml
10
11    <!--
12         The ACCESS_COARSE/FINE_LOCATION permissions are not required to use
13         Google Maps Android API v2, but you must specify either coarse or fine
14         location permissions for the "MyLocation" functionality.
15    -->
16
17    <uses-permission android:name="android.permission.ACCESS_COARSE_LOCATION" />
17-->src\main\AndroidManifest.xml:11:5-81
17-->src\main\AndroidManifest.xml:11:22-78
18    <uses-permission android:name="android.permission.ACCESS_FINE_LOCATION" />
18-->src\main\AndroidManifest.xml:12:5-79
18-->src\main\AndroidManifest.xml:12:22-76
19    <uses-permission android:name="android.permission.CAMERA" />
19-->src\main\AndroidManifest.xml:13:5-65
19-->src\main\AndroidManifest.xml:13:22-62
20    <uses-permission android:name="android.permission.GET_ACCOUNTS" />
20-->src\main\AndroidManifest.xml:14:5-71
20-->src\main\AndroidManifest.xml:14:22-68
21
22    <uses-feature
22-->src\main\AndroidManifest.xml:16:5-18:35
23        android:name="android.hardware.camera"
23-->src\main\AndroidManifest.xml:17:9-47
24        android:required="true" />
24-->src\main\AndroidManifest.xml:18:9-32
25
26    <uses-permission android:name="android.permission.WRITE_EXTERNAL_STORAGE" />
26-->src\main\AndroidManifest.xml:20:5-81
26-->src\main\AndroidManifest.xml:20:22-78
27
28    <meta-data
29        android:name="com.google.android.gms.version"
29-->src\main\AndroidManifest.xml:24:9-54
30        android:value="AIzaSyCdBsFcdo1PzSz5HI5NXK_MFbU2ZLWO9XA" />
30-->src\main\AndroidManifest.xml:25:9-40
31    <meta-data
31-->src\main\AndroidManifest.xml:26:5-28:67
32        android:name="com.google.android.maps.v2.API_KEY"
32-->src\main\AndroidManifest.xml:27:9-58
33        android:value="AIzaSyCdBsFcdo1PzSz5HI5NXK_MFbU2ZLWO9XA" />
33-->src\main\AndroidManifest.xml:28:9-64
34
35    <!-- Include required permissions for Google Maps API to run. -->
36    <uses-permission android:name="android.permission.ACCESS_NETWORK_STATE" />
36-->[com.google.android.gms:play-services-maps:18.0.0] AndroidManifest.xml:23:5-79
36-->[com.google.android.gms:play-services-maps:18.0.0] AndroidManifest.xml:23:22-76
37    <uses-permission android:name="android.permission.INTERNET" />
37-->[com.google.android.gms:play-services-maps:18.0.0] AndroidManifest.xml:24:5-67
37-->[com.google.android.gms:play-services-maps:18.0.0] AndroidManifest.xml:24:22-64
38
39    <uses-feature
39-->[com.google.android.gms:play-services-maps:18.0.0] AndroidManifest.xml:26:5-28:35
40        android:glEsVersion="0x00020000"
40-->[com.google.android.gms:play-services-maps:18.0.0] AndroidManifest.xml:27:9-41
41        android:required="true" />
41-->[com.google.android.gms:play-services-maps:18.0.0] AndroidManifest.xml:28:9-32
42
43    <queries>
43-->[com.google.android.gms:play-services-maps:18.0.0] AndroidManifest.xml:30:5-34:15
44
45        <!-- Needs to be explicitly declared on Android R+ -->
46        <package android:name="com.google.android.apps.maps" />
46-->[com.google.android.gms:play-services-maps:18.0.0] AndroidManifest.xml:33:9-64
46-->[com.google.android.gms:play-services-maps:18.0.0] AndroidManifest.xml:33:18-61
47    </queries>
48
49    <application
49-->src\main\AndroidManifest.xml:30:5-62:19
50        android:allowBackup="true"
50-->src\main\AndroidManifest.xml:31:9-35
51        android:appComponentFactory="androidx.core.app.CoreComponentFactory"
51-->[androidx.core:core:1.7.0] AndroidManifest.xml:24:18-86
52        android:debuggable="true"
53        android:extractNativeLibs="false"
54        android:fullBackupContent="@xml/backup_descriptor"
54-->src\main\AndroidManifest.xml:32:9-59
55        android:icon="@mipmap/logo_principal"
55-->src\main\AndroidManifest.xml:33:9-46
56        android:label="@string/app_name"
56-->src\main\AndroidManifest.xml:34:9-41
57        android:roundIcon="@mipmap/logo_principal_round"
57-->src\main\AndroidManifest.xml:35:9-57
58        android:supportsRtl="true"
58-->src\main\AndroidManifest.xml:36:9-35
59        android:testOnly="true"
60        android:theme="@style/Theme.StockerInv" >
60-->src\main\AndroidManifest.xml:37:9-48
61
62        <!--
63             The API key for Google Maps-based APIs is defined as a string resource.
64             (See the file "res/values/google_maps_api.xml").
65             Note that the API key is linked to the encryption key used to sign the APK.
66             You need a different API key for each encryption key, including the release key that is used to
67             sign the APK for publishing.
68             You can define the keys for the debug and release targets in src/debug/ and src/release/.
69        -->
70        <meta-data
70-->src\main\AndroidManifest.xml:47:9-49:55
71            android:name="com.google.android.geo.API_KEY"
71-->src\main\AndroidManifest.xml:48:13-58
72            android:value="@string/google_maps_key" />
72-->src\main\AndroidManifest.xml:49:13-52
73
74        <activity
74-->src\main\AndroidManifest.xml:51:9-61:20
75            android:name="com.proyectomintic.stockerinv.views.InventarioActivity"
75-->src\main\AndroidManifest.xml:52:13-53
76            android:exported="true"
76-->src\main\AndroidManifest.xml:53:13-36
77            android:screenOrientation="portrait"
77-->src\main\AndroidManifest.xml:54:13-49
78            android:theme="@style/SplashTheme" >
78-->src\main\AndroidManifest.xml:55:13-47
79            <intent-filter>
79-->src\main\AndroidManifest.xml:56:13-60:29
80                <action android:name="android.intent.action.MAIN" />
80-->src\main\AndroidManifest.xml:57:17-69
80-->src\main\AndroidManifest.xml:57:25-66
81
82                <category android:name="android.intent.category.LAUNCHER" />
82-->src\main\AndroidManifest.xml:59:17-77
82-->src\main\AndroidManifest.xml:59:27-74
83            </intent-filter>
84        </activity>
85        <activity
85-->[com.google.android.gms:play-services-auth:19.2.0] AndroidManifest.xml:23:9-27:75
86            android:name="com.google.android.gms.auth.api.signin.internal.SignInHubActivity"
86-->[com.google.android.gms:play-services-auth:19.2.0] AndroidManifest.xml:24:13-93
87            android:excludeFromRecents="true"
87-->[com.google.android.gms:play-services-auth:19.2.0] AndroidManifest.xml:25:13-46
88            android:exported="false"
88-->[com.google.android.gms:play-services-auth:19.2.0] AndroidManifest.xml:26:13-37
89            android:theme="@android:style/Theme.Translucent.NoTitleBar" />
89-->[com.google.android.gms:play-services-auth:19.2.0] AndroidManifest.xml:27:13-72
90        <!--
91            Service handling Google Sign-In user revocation. For apps that do not integrate with
92            Google Sign-In, this service will never be started.
93        -->
94        <service
94-->[com.google.android.gms:play-services-auth:19.2.0] AndroidManifest.xml:33:9-37:51
95            android:name="com.google.android.gms.auth.api.signin.RevocationBoundService"
95-->[com.google.android.gms:play-services-auth:19.2.0] AndroidManifest.xml:34:13-89
96            android:exported="true"
96-->[com.google.android.gms:play-services-auth:19.2.0] AndroidManifest.xml:35:13-36
97            android:permission="com.google.android.gms.auth.api.signin.permission.REVOCATION_NOTIFICATION"
97-->[com.google.android.gms:play-services-auth:19.2.0] AndroidManifest.xml:36:13-107
98            android:visibleToInstantApps="true" /> <!-- Needs to be explicitly declared on P+ -->
98-->[com.google.android.gms:play-services-auth:19.2.0] AndroidManifest.xml:37:13-48
99        <uses-library
99-->[com.google.android.gms:play-services-maps:18.0.0] AndroidManifest.xml:39:9-41:40
100            android:name="org.apache.http.legacy"
100-->[com.google.android.gms:play-services-maps:18.0.0] AndroidManifest.xml:40:13-50
101            android:required="false" />
101-->[com.google.android.gms:play-services-maps:18.0.0] AndroidManifest.xml:41:13-37
102
103        <service
103-->[com.google.firebase:firebase-database:20.0.2] AndroidManifest.xml:29:9-35:19
104            android:name="com.google.firebase.components.ComponentDiscoveryService"
104-->[com.google.firebase:firebase-database:20.0.2] AndroidManifest.xml:30:13-84
105            android:directBootAware="true"
105-->[com.google.firebase:firebase-common:20.0.0] AndroidManifest.xml:35:13-43
106            android:exported="false" >
106-->[com.google.firebase:firebase-database:20.0.2] AndroidManifest.xml:31:13-37
107            <meta-data
107-->[com.google.firebase:firebase-database:20.0.2] AndroidManifest.xml:32:13-34:85
108                android:name="com.google.firebase.components:com.google.firebase.database.DatabaseRegistrar"
108-->[com.google.firebase:firebase-database:20.0.2] AndroidManifest.xml:33:17-109
109                android:value="com.google.firebase.components.ComponentRegistrar" />
109-->[com.google.firebase:firebase-database:20.0.2] AndroidManifest.xml:34:17-82
110            <meta-data
110-->[com.google.firebase:firebase-auth:21.0.1] AndroidManifest.xml:77:13-79:85
111                android:name="com.google.firebase.components:com.google.firebase.auth.FirebaseAuthRegistrar"
111-->[com.google.firebase:firebase-auth:21.0.1] AndroidManifest.xml:78:17-109
112                android:value="com.google.firebase.components.ComponentRegistrar" />
112-->[com.google.firebase:firebase-auth:21.0.1] AndroidManifest.xml:79:17-82
113        </service>
114
115        <activity
115-->[com.google.firebase:firebase-auth:21.0.1] AndroidManifest.xml:27:9-44:20
116            android:name="com.google.firebase.auth.internal.GenericIdpActivity"
116-->[com.google.firebase:firebase-auth:21.0.1] AndroidManifest.xml:28:13-80
117            android:excludeFromRecents="true"
117-->[com.google.firebase:firebase-auth:21.0.1] AndroidManifest.xml:29:13-46
118            android:exported="true"
118-->[com.google.firebase:firebase-auth:21.0.1] AndroidManifest.xml:30:13-36
119            android:launchMode="singleTask"
119-->[com.google.firebase:firebase-auth:21.0.1] AndroidManifest.xml:31:13-44
120            android:theme="@android:style/Theme.Translucent.NoTitleBar" >
120-->[com.google.firebase:firebase-auth:21.0.1] AndroidManifest.xml:32:13-72
121            <intent-filter>
121-->[com.google.firebase:firebase-auth:21.0.1] AndroidManifest.xml:33:13-43:29
122                <action android:name="android.intent.action.VIEW" />
122-->[com.google.firebase:firebase-auth:21.0.1] AndroidManifest.xml:34:17-69
122-->[com.google.firebase:firebase-auth:21.0.1] AndroidManifest.xml:34:25-66
123
124                <category android:name="android.intent.category.DEFAULT" />
124-->[com.google.firebase:firebase-auth:21.0.1] AndroidManifest.xml:36:17-76
124-->[com.google.firebase:firebase-auth:21.0.1] AndroidManifest.xml:36:27-73
125                <category android:name="android.intent.category.BROWSABLE" />
125-->[com.google.firebase:firebase-auth:21.0.1] AndroidManifest.xml:37:17-78
125-->[com.google.firebase:firebase-auth:21.0.1] AndroidManifest.xml:37:27-75
126
127                <data
127-->[com.google.firebase:firebase-auth:21.0.1] AndroidManifest.xml:39:17-42:51
128                    android:host="firebase.auth"
128-->[com.google.firebase:firebase-auth:21.0.1] AndroidManifest.xml:40:21-49
129                    android:path="/"
129-->[com.google.firebase:firebase-auth:21.0.1] AndroidManifest.xml:41:21-37
130                    android:scheme="genericidp" />
130-->[com.google.firebase:firebase-auth:21.0.1] AndroidManifest.xml:42:21-48
131            </intent-filter>
132        </activity>
133        <activity
133-->[com.google.firebase:firebase-auth:21.0.1] AndroidManifest.xml:45:9-62:20
134            android:name="com.google.firebase.auth.internal.RecaptchaActivity"
134-->[com.google.firebase:firebase-auth:21.0.1] AndroidManifest.xml:46:13-79
135            android:excludeFromRecents="true"
135-->[com.google.firebase:firebase-auth:21.0.1] AndroidManifest.xml:47:13-46
136            android:exported="true"
136-->[com.google.firebase:firebase-auth:21.0.1] AndroidManifest.xml:48:13-36
137            android:launchMode="singleTask"
137-->[com.google.firebase:firebase-auth:21.0.1] AndroidManifest.xml:49:13-44
138            android:theme="@android:style/Theme.Translucent.NoTitleBar" >
138-->[com.google.firebase:firebase-auth:21.0.1] AndroidManifest.xml:50:13-72
139            <intent-filter>
139-->[com.google.firebase:firebase-auth:21.0.1] AndroidManifest.xml:51:13-61:29
140                <action android:name="android.intent.action.VIEW" />
140-->[com.google.firebase:firebase-auth:21.0.1] AndroidManifest.xml:34:17-69
140-->[com.google.firebase:firebase-auth:21.0.1] AndroidManifest.xml:34:25-66
141
142                <category android:name="android.intent.category.DEFAULT" />
142-->[com.google.firebase:firebase-auth:21.0.1] AndroidManifest.xml:36:17-76
142-->[com.google.firebase:firebase-auth:21.0.1] AndroidManifest.xml:36:27-73
143                <category android:name="android.intent.category.BROWSABLE" />
143-->[com.google.firebase:firebase-auth:21.0.1] AndroidManifest.xml:37:17-78
143-->[com.google.firebase:firebase-auth:21.0.1] AndroidManifest.xml:37:27-75
144
145                <data
145-->[com.google.firebase:firebase-auth:21.0.1] AndroidManifest.xml:39:17-42:51
146                    android:host="firebase.auth"
146-->[com.google.firebase:firebase-auth:21.0.1] AndroidManifest.xml:40:21-49
147                    android:path="/"
147-->[com.google.firebase:firebase-auth:21.0.1] AndroidManifest.xml:41:21-37
148                    android:scheme="recaptcha" />
148-->[com.google.firebase:firebase-auth:21.0.1] AndroidManifest.xml:42:21-48
149            </intent-filter>
150        </activity>
151
152        <service
152-->[com.google.firebase:firebase-auth:21.0.1] AndroidManifest.xml:64:9-73:19
153            android:name="com.google.firebase.auth.api.fallback.service.FirebaseAuthFallbackService"
153-->[com.google.firebase:firebase-auth:21.0.1] AndroidManifest.xml:65:13-101
154            android:enabled="true"
154-->[com.google.firebase:firebase-auth:21.0.1] AndroidManifest.xml:66:13-35
155            android:exported="false" >
155-->[com.google.firebase:firebase-auth:21.0.1] AndroidManifest.xml:67:13-37
156            <intent-filter>
156-->[com.google.firebase:firebase-auth:21.0.1] AndroidManifest.xml:68:13-72:29
157                <action android:name="com.google.firebase.auth.api.gms.service.START" />
157-->[com.google.firebase:firebase-auth:21.0.1] AndroidManifest.xml:69:17-89
157-->[com.google.firebase:firebase-auth:21.0.1] AndroidManifest.xml:69:25-86
158
159                <category android:name="android.intent.category.DEFAULT" />
159-->[com.google.firebase:firebase-auth:21.0.1] AndroidManifest.xml:36:17-76
159-->[com.google.firebase:firebase-auth:21.0.1] AndroidManifest.xml:36:27-73
160            </intent-filter>
161        </service>
162
163        <activity
163-->[com.google.android.gms:play-services-base:17.5.0] AndroidManifest.xml:23:9-26:75
164            android:name="com.google.android.gms.common.api.GoogleApiActivity"
164-->[com.google.android.gms:play-services-base:17.5.0] AndroidManifest.xml:24:13-79
165            android:exported="false"
165-->[com.google.android.gms:play-services-base:17.5.0] AndroidManifest.xml:25:13-37
166            android:theme="@android:style/Theme.Translucent.NoTitleBar" />
166-->[com.google.android.gms:play-services-base:17.5.0] AndroidManifest.xml:26:13-72
167
168        <provider
168-->[com.google.firebase:firebase-common:20.0.0] AndroidManifest.xml:26:9-31:39
169            android:name="com.google.firebase.provider.FirebaseInitProvider"
169-->[com.google.firebase:firebase-common:20.0.0] AndroidManifest.xml:27:13-77
170            android:authorities="com.proyectomintic.stockerinv.firebaseinitprovider"
170-->[com.google.firebase:firebase-common:20.0.0] AndroidManifest.xml:28:13-72
171            android:directBootAware="true"
171-->[com.google.firebase:firebase-common:20.0.0] AndroidManifest.xml:29:13-43
172            android:exported="false"
172-->[com.google.firebase:firebase-common:20.0.0] AndroidManifest.xml:30:13-37
173            android:initOrder="100" />
173-->[com.google.firebase:firebase-common:20.0.0] AndroidManifest.xml:31:13-36
174
175        <meta-data
176            android:name="com.google.android.gms.version"
176-->src\main\AndroidManifest.xml:24:9-54
177            android:value="@integer/google_play_services_version" />
177-->src\main\AndroidManifest.xml:25:9-40
178    </application>
179
180</manifest>